<?xml version="1.0" encoding="UTF-8"?>
<!-- Generated by org.testng.reporters.JUnitReportReporter -->
<testsuite hostname="DESKTOP-OK65LJV" failures="0" tests="2" name="assignment01.DDTestUsingJSON" time="42.957" errors="0" timestamp="2022-02-01T14:03:47 IST" skipped="0">
  <testcase classname="assignment01.DDTestUsingJSON" name="login" time="13.977"/>
  <system-out/>
  <testcase classname="assignment01.DDTestUsingJSON" name="login" time="28.980"/>
  <system-out/>
</testsuite> <!-- assignment01.DDTestUsingJSON -->
